<?xml version="1.0" encoding="UTF-8"?>
<!-- Generated by org.testng.reporters.JUnitReportReporter -->
<testsuite hostname="DESKTOP-PQ91UE8" failures="0" tests="30" name="org.example.runners.TestRunner" time="97.203" errors="1" timestamp="2025-08-16T15:19:34 EDT" skipped="0">
  <testcase classname="org.example.runners.TestRunner" name="runScenario" time="3.042"/>
  <testcase classname="org.example.runners.TestRunner" name="runScenario" time="3.122"/>
  <testcase classname="org.example.runners.TestRunner" name="runScenario" time="3.150"/>
  <testcase classname="org.example.runners.TestRunner" name="runScenario" time="3.102"/>
  <testcase classname="org.example.runners.TestRunner" name="runScenario" time="2.437"/>
  <testcase classname="org.example.runners.TestRunner" name="runScenario" time="3.117"/>
  <testcase classname="org.example.runners.TestRunner" name="runScenario" time="3.616"/>
  <testcase classname="org.example.runners.TestRunner" name="runScenario" time="2.373"/>
  <testcase classname="org.example.runners.TestRunner" name="runScenario" time="2.308"/>
  <testcase classname="org.example.runners.TestRunner" name="runScenario" time="3.547"/>
  <testcase classname="org.example.runners.TestRunner" name="runScenario" time="2.410"/>
  <testcase classname="org.example.runners.TestRunner" name="runScenario" time="3.091"/>
  <testcase classname="org.example.runners.TestRunner" name="runScenario" time="2.422"/>
  <testcase classname="org.example.runners.TestRunner" name="runScenario" time="2.457"/>
  <testcase classname="org.example.runners.TestRunner" name="runScenario" time="3.619"/>
  <testcase classname="org.example.runners.TestRunner" name="runScenario" time="12.722">
    <error message="Expected condition failed: waiting for element to be clickable: By.xpath: /html/body/div[3]/div[3]/div/div/a (tried for 10 second(s) with 500 milliseconds interval)
Build info: version: &#039;4.34.0&#039;, revision: &#039;707dcb4246*&#039;
System info: os.name: &#039;Windows 11&#039;, os.arch: &#039;amd64&#039;, os.version: &#039;10.0&#039;, java.version: &#039;21.0.7&#039;
Driver info: org.openqa.selenium.chrome.ChromeDriver
Capabilities {acceptInsecureCerts: false, browserName: chrome, browserVersion: 139.0.7258.128, chrome: {chromedriverVersion: 139.0.7258.68 (40ff94600b6e..., userDataDir: C:\Users\narmu\AppData\Loca...}, fedcm:accounts: true, goog:chromeOptions: {debuggerAddress: localhost:54549}, networkConnectionEnabled: false, pageLoadStrategy: normal, platformName: windows, proxy: Proxy(), se:cdp: ws://localhost:54549/devtoo..., se:cdpVersion: 139.0.7258.128, setWindowRect: true, strictFileInteractability: false, timeouts: {implicit: 0, pageLoad: 300000, script: 30000}, unhandledPromptBehavior: dismiss and notify, webauthn:extension:credBlob: true, webauthn:extension:largeBlob: true, webauthn:extension:minPinLength: true, webauthn:extension:prf: true, webauthn:virtualAuthenticators: true}
Session ID: 1909537ef510c67826e7dcd4dc171716" type="org.openqa.selenium.TimeoutException">
      <![CDATA[org.openqa.selenium.TimeoutException: Expected condition failed: waiting for element to be clickable: By.xpath: /html/body/div[3]/div[3]/div/div/a (tried for 10 second(s) with 500 milliseconds interval)
Build info: version: '4.34.0', revision: '707dcb4246*'
System info: os.name: 'Windows 11', os.arch: 'amd64', os.version: '10.0', java.version: '21.0.7'
Driver info: org.openqa.selenium.chrome.ChromeDriver
Capabilities {acceptInsecureCerts: false, browserName: chrome, browserVersion: 139.0.7258.128, chrome: {chromedriverVersion: 139.0.7258.68 (40ff94600b6e..., userDataDir: C:\Users\narmu\AppData\Loca...}, fedcm:accounts: true, goog:chromeOptions: {debuggerAddress: localhost:54549}, networkConnectionEnabled: false, pageLoadStrategy: normal, platformName: windows, proxy: Proxy(), se:cdp: ws://localhost:54549/devtoo..., se:cdpVersion: 139.0.7258.128, setWindowRect: true, strictFileInteractability: false, timeouts: {implicit: 0, pageLoad: 300000, script: 30000}, unhandledPromptBehavior: dismiss and notify, webauthn:extension:credBlob: true, webauthn:extension:largeBlob: true, webauthn:extension:minPinLength: true, webauthn:extension:prf: true, webauthn:virtualAuthenticators: true}
Session ID: 1909537ef510c67826e7dcd4dc171716
at org.openqa.selenium.support.ui.WebDriverWait.timeoutException(WebDriverWait.java:84)
at org.openqa.selenium.support.ui.FluentWait.until(FluentWait.java:228)
at org.example.utilities.ElementsUtil.waitForElementToBeClickable(ElementsUtil.java:26)
at org.example.utilities.ElementsUtil.doClick(ElementsUtil.java:32)
at org.example.pages.Home.clickLinkedListGet(Home.java:92)
at org.example.stepdefinitions.HomeSteps.the_user_clicks_on_get_started_link_on_homepage_without_login(HomeSteps.java:62)
at âœ½.The user clicks on Get Started link on homepage "Linkedlist" without login(file:///C:/Users/narmu/git/DSAlgo/src/test/resources/features/Home.feature:29)
]]>
    </error>
  </testcase> <!-- runScenario -->
  <testcase classname="org.example.runners.TestRunner" name="runScenario" time="3.592"/>
  <testcase classname="org.example.runners.TestRunner" name="runScenario" time="2.581"/>
  <testcase classname="org.example.runners.TestRunner" name="runScenario" time="2.447"/>
  <testcase classname="org.example.runners.TestRunner" name="runScenario" time="3.638"/>
  <testcase classname="org.example.runners.TestRunner" name="runScenario" time="2.438"/>
  <testcase classname="org.example.runners.TestRunner" name="runScenario" time="3.157"/>
  <testcase classname="org.example.runners.TestRunner" name="runScenario" time="2.394"/>
  <testcase classname="org.example.runners.TestRunner" name="runScenario" time="2.402"/>
  <testcase classname="org.example.runners.TestRunner" name="runScenario" time="2.451"/>
  <testcase classname="org.example.runners.TestRunner" name="runScenario" time="2.392"/>
  <testcase classname="org.example.runners.TestRunner" name="runScenario" time="2.370"/>
  <testcase classname="org.example.runners.TestRunner" name="runScenario" time="3.617"/>
  <testcase classname="org.example.runners.TestRunner" name="runScenario" time="3.567"/>
  <testcase classname="org.example.runners.TestRunner" name="runScenario" time="3.622"/>
</testsuite> <!-- org.example.runners.TestRunner -->
